Build started 6/27/2013 8:48:07 PM.
     1>Project "C:\delete\ogl_initialization\ogl_initialization.vcxproj" on node 2 (build target(s)).
     1>InitializeBuildStatus:
         Creating ".\Release\ogl_initialization.unsuccessfulbuild" because "AlwaysCreate" was specified.
       ClCompile:
         C:\Program Files (x86)\Microsoft Visual Studio 10.0\VC\bin\CL.exe /c /Zi /nologo /W3 /WX- /O2 /Ob1 /Oy- /D WIN32 /D NDEBUG /D _WINDOWS /D _MBCS /GF /Gm- /EHsc /MT /GS /Gy /fp:precise /Zc:wchar_t /Zc:forScope /Fo".\Release/" /Fd".\Release/vc100.pdb" /Gd /TP /analyze- /errorReport:prompt ogl_initialization.cpp
         ogl_initialization.cpp
     1>ogl_initialization.cpp(241): warning C4305: 'argument' : truncation from 'double' to 'GLfloat'
     1>ogl_initialization.cpp(241): warning C4305: 'argument' : truncation from 'double' to 'GLfloat'
     1>ogl_initialization.cpp(241): warning C4305: 'argument' : truncation from 'double' to 'GLfloat'
       ResourceCompile:
         C:\Program Files (x86)\Microsoft SDKs\Windows\v7.0A\bin\rc.exe /D NDEBUG /l"0x0409" /nologo /fo".\Release\ogl_initialization.res" ogl_initialization.rc 
       Link:
         C:\Program Files (x86)\Microsoft Visual Studio 10.0\VC\bin\link.exe /ERRORREPORT:PROMPT /OUT:".\Release/ogl_initialization.exe" /NOLOGO opengl32.lib glu32.lib kernel32.lib user32.lib gdi32.lib winspool.lib comdlg32.lib advapi32.lib shell32.lib ole32.lib oleaut32.lib uuid.lib odbc32.lib odbccp32.lib /MANIFEST /ManifestFile:".\Release\ogl_initialization.exe.intermediate.manifest" /MANIFESTUAC:"level='asInvoker' uiAccess='false'" /PDB:".\Release/ogl_initialization.pdb" /SUBSYSTEM:WINDOWS /TLBID:1 /DYNAMICBASE /NXCOMPAT /IMPLIB:".\Release\ogl_initialization.lib" /MACHINE:X86 .\Release\ogl_initialization.res
         .\Release/ogl_initialization.obj
         ogl_initialization.vcxproj -> C:\delete\ogl_initialization\.\Release\ogl_initialization.exe
       Manifest:
         C:\Program Files (x86)\Microsoft SDKs\Windows\v7.0A\bin\mt.exe /nologo /verbose /outputresource:".\Release/ogl_initialization.exe;#1" /manifest .\Release\ogl_initialization.exe.intermediate.manifest
       FinalizeBuildStatus:
         Deleting file ".\Release\ogl_initialization.unsuccessfulbuild".
         Touching ".\Release\ogl_initialization.lastbuildstate".
     1>Done Building Project "C:\delete\ogl_initialization\ogl_initialization.vcxproj" (build target(s)).

Build succeeded.

Time Elapsed 00:00:00.96
